c:\users\pinku\source\repos\csc8502 2021\x64\debug\nclgl.pdb
c:\users\pinku\source\repos\csc8502 2021\x64\debug\nclgl.idb
c:\users\pinku\source\repos\csc8502 2021\nclgl\x64\debug\glad.obj
c:\users\pinku\source\repos\csc8502 2021\nclgl\x64\debug\oglrenderer.obj
c:\users\pinku\source\repos\csc8502 2021\nclgl\x64\debug\mouse.obj
c:\users\pinku\source\repos\csc8502 2021\nclgl\x64\debug\meshmaterial.obj
c:\users\pinku\source\repos\csc8502 2021\nclgl\x64\debug\meshanimation.obj
c:\users\pinku\source\repos\csc8502 2021\nclgl\x64\debug\mesh.obj
c:\users\pinku\source\repos\csc8502 2021\nclgl\x64\debug\matrix4.obj
c:\users\pinku\source\repos\csc8502 2021\nclgl\x64\debug\matrix3.obj
c:\users\pinku\source\repos\csc8502 2021\nclgl\x64\debug\matrix2.obj
c:\users\pinku\source\repos\csc8502 2021\nclgl\x64\debug\materialscenenode.obj
c:\users\pinku\source\repos\csc8502 2021\nclgl\x64\debug\light.obj
c:\users\pinku\source\repos\csc8502 2021\nclgl\x64\debug\keyboard.obj
c:\users\pinku\source\repos\csc8502 2021\nclgl\x64\debug\heightmapnode.obj
c:\users\pinku\source\repos\csc8502 2021\nclgl\x64\debug\heightmap.obj
c:\users\pinku\source\repos\csc8502 2021\nclgl\x64\debug\gametimer.obj
c:\users\pinku\source\repos\csc8502 2021\nclgl\x64\debug\frustum.obj
c:\users\pinku\source\repos\csc8502 2021\nclgl\x64\debug\cuberobot.obj
c:\users\pinku\source\repos\csc8502 2021\nclgl\x64\debug\computeshader.obj
c:\users\pinku\source\repos\csc8502 2021\nclgl\x64\debug\camera.obj
c:\users\pinku\source\repos\csc8502 2021\nclgl\x64\debug\assetmanager.obj
c:\users\pinku\source\repos\csc8502 2021\nclgl\x64\debug\animatedscenenode.obj
c:\users\pinku\source\repos\csc8502 2021\nclgl\x64\debug\window.obj
c:\users\pinku\source\repos\csc8502 2021\nclgl\x64\debug\waternode.obj
c:\users\pinku\source\repos\csc8502 2021\nclgl\x64\debug\skyboxnode.obj
c:\users\pinku\source\repos\csc8502 2021\nclgl\x64\debug\shadermanager.obj
c:\users\pinku\source\repos\csc8502 2021\nclgl\x64\debug\shader.obj
c:\users\pinku\source\repos\csc8502 2021\nclgl\x64\debug\scenenode.obj
c:\users\pinku\source\repos\csc8502 2021\nclgl\x64\debug\quaternion.obj
c:\users\pinku\source\repos\csc8502 2021\nclgl\x64\debug\plane.obj
c:\users\pinku\source\repos\csc8502 2021\x64\debug\nclgl.lib
c:\users\pinku\source\repos\csc8502 2021\nclgl\x64\debug\nclgl.tlog\cl.command.1.tlog
c:\users\pinku\source\repos\csc8502 2021\nclgl\x64\debug\nclgl.tlog\cl.read.1.tlog
c:\users\pinku\source\repos\csc8502 2021\nclgl\x64\debug\nclgl.tlog\cl.write.1.tlog
c:\users\pinku\source\repos\csc8502 2021\nclgl\x64\debug\nclgl.tlog\lib-link.read.1.tlog
c:\users\pinku\source\repos\csc8502 2021\nclgl\x64\debug\nclgl.tlog\lib-link.write.1.tlog
c:\users\pinku\source\repos\csc8502 2021\nclgl\x64\debug\nclgl.tlog\lib.command.1.tlog
